New patient IsInfected False
New patient IsInfected False
New patient IsInfected False
New patient IsInfected False
New patient IsInfected False
New patient IsInfected False
New patient IsInfected False
New patient IsInfected False
New patient IsInfected False
New patient IsInfected False
New patient IsInfected False
New patient IsInfected False
New patient IsInfected False
New patient IsInfected False
New patient IsInfected False
New patient IsInfected False
New patient IsInfected False
New patient IsInfected False
Doctor 1 is consulting with doctor 0
Doctor 0 has ended inspection. Common time 4003,0225ms
New patient IsInfected False
New patient IsInfected False
New patient IsInfected False
New patient IsInfected False
New patient IsInfected False
New patient IsInfected False
New patient IsInfected False
New patient IsInfected False
New patient IsInfected False
New patient IsInfected False
Doctor 1 has ended inspection. Common time 5506,0427ms
New patient IsInfected False
New patient IsInfected False
New patient IsInfected False
New patient IsInfected False
New patient IsInfected False
New patient IsInfected False
New patient IsInfected False
New patient IsInfected False
New patient IsInfected False
New patient IsInfected False
New patient IsInfected True
Infecting in queue patient 25
New patient IsInfected False
New patient IsInfected False
New patient IsInfected False
Infecting in queue patient 24
Infecting in queue patient 26
New patient IsInfected False
New patient IsInfected False
Doctor 1 has ended inspection. Common time 4001,0577ms
Doctor 0 has ended inspection. Common time 4000,0571ms
New patient IsInfected False
Infecting in queue patient 23
Infecting in queue patient 25
Infecting in queue patient 25
Infecting in queue patient 27
New patient IsInfected False
New patient IsInfected False
Infecting in queue patient 22
Infecting in queue patient 24
Infecting in queue patient 24
Infecting in queue patient 26
Infecting in queue patient 26
Infecting in queue patient 28
New patient IsInfected False
Infecting in queue patient 21
Infecting in queue patient 23
Infecting in queue patient 23
Infecting in queue patient 25
Infecting in queue patient 25
Infecting in queue patient 27
Infecting in queue patient 27
Infecting in queue patient 29
New patient IsInfected False
New patient IsInfected False
Doctor 0 has ended inspection. Common time 1500,5806ms
Infecting in queue patient 20
Infecting in queue patient 22
Infecting in queue patient 22
Infecting in queue patient 24
Infecting in queue patient 24
Infecting in queue patient 26
Infecting in queue patient 26
Infecting in queue patient 28
Infecting in queue patient 28
Infecting in queue patient 30
New patient IsInfected False
Infecting in queue patient 19
Infecting in queue patient 21
Infecting in queue patient 21
Infecting in queue patient 23
Infecting in queue patient 23
Infecting in queue patient 25
Infecting in queue patient 25
Infecting in queue patient 27
Infecting in queue patient 27
Infecting in queue patient 29
Infecting in queue patient 29
Infecting in queue patient 31
New patient IsInfected False
Infecting in queue patient 18
Infecting in queue patient 20
Infecting in queue patient 20
Infecting in queue patient 22
Infecting in queue patient 22
Infecting in queue patient 24
Infecting in queue patient 24
Infecting in queue patient 26
Infecting in queue patient 26
Infecting in queue patient 28
Infecting in queue patient 28
Infecting in queue patient 30
Infecting in queue patient 30
Infecting in queue patient 32
New patient IsInfected False
New patient IsInfected False
Infecting in queue patient 17
Infecting in queue patient 19
Infecting in queue patient 19
Infecting in queue patient 21
Infecting in queue patient 21
Infecting in queue patient 23
Infecting in queue patient 23
Infecting in queue patient 25
Infecting in queue patient 25
Infecting in queue patient 27
Infecting in queue patient 27
Infecting in queue patient 29
Infecting in queue patient 29
Infecting in queue patient 31
Infecting in queue patient 31
Infecting in queue patient 33
New patient IsInfected False
New patient IsInfected False
Infecting in queue patient 16
Infecting in queue patient 18
Infecting in queue patient 18
Infecting in queue patient 20
Infecting in queue patient 20
Infecting in queue patient 22
Infecting in queue patient 22
Infecting in queue patient 24
Infecting in queue patient 24
Infecting in queue patient 26
Infecting in queue patient 26
Infecting in queue patient 28
Infecting in queue patient 28
Infecting in queue patient 30
Infecting in queue patient 30
Infecting in queue patient 32
Infecting in queue patient 32
Infecting in queue patient 34
New patient IsInfected False
New patient IsInfected False
New patient IsInfected False
New patient IsInfected False
Infecting in queue patient 15
Infecting in queue patient 17
Infecting in queue patient 17
Infecting in queue patient 19
Infecting in queue patient 19
Infecting in queue patient 21
Infecting in queue patient 21
Infecting in queue patient 23
Infecting in queue patient 23
Infecting in queue patient 25
Infecting in queue patient 25
Infecting in queue patient 27
Infecting in queue patient 27
Infecting in queue patient 29
Infecting in queue patient 29
Infecting in queue patient 31
Infecting in queue patient 31
Infecting in queue patient 33
Infecting in queue patient 33
Infecting in queue patient 35
New patient IsInfected False
New patient IsInfected False
Infecting in queue patient 14
Infecting in queue patient 16
Infecting in queue patient 16
Infecting in queue patient 18
Infecting in queue patient 18
Infecting in queue patient 20
Infecting in queue patient 20
Infecting in queue patient 22
Infecting in queue patient 22
Infecting in queue patient 24
Infecting in queue patient 24
Infecting in queue patient 26
Infecting in queue patient 26
Infecting in queue patient 28
Infecting in queue patient 28
Infecting in queue patient 30
Infecting in queue patient 30
Infecting in queue patient 32
Infecting in queue patient 32
Infecting in queue patient 34
Infecting in queue patient 34
Infecting in queue patient 36
New patient IsInfected False
New patient IsInfected False
Infecting in queue patient 13
Infecting in queue patient 15
Infecting in queue patient 15
Infecting in queue patient 17
Infecting in queue patient 17
Infecting in queue patient 19
Infecting in queue patient 19
Infecting in queue patient 21
Infecting in queue patient 21
Infecting in queue patient 23
Infecting in queue patient 23
Infecting in queue patient 25
Infecting in queue patient 25
Infecting in queue patient 27
Infecting in queue patient 27
Infecting in queue patient 29
Infecting in queue patient 29
Infecting in queue patient 31
Infecting in queue patient 31
Infecting in queue patient 33
Infecting in queue patient 33
Infecting in queue patient 35
Infecting in queue patient 35
Infecting in queue patient 37
New patient IsInfected False
New patient IsInfected False
Infecting in queue patient 12
Infecting in queue patient 14
Infecting in queue patient 14
Infecting in queue patient 16
Infecting in queue patient 16
Infecting in queue patient 18
Infecting in queue patient 18
Infecting in queue patient 20
Infecting in queue patient 20
Infecting in queue patient 22
Infecting in queue patient 22
Infecting in queue patient 24
Infecting in queue patient 24
Infecting in queue patient 26
Infecting in queue patient 26
Infecting in queue patient 28
Infecting in queue patient 28
Infecting in queue patient 30
Infecting in queue patient 30
Infecting in queue patient 32
Infecting in queue patient 32
Infecting in queue patient 34
Infecting in queue patient 34
Infecting in queue patient 36
Infecting in queue patient 36
Infecting in queue patient 38
New patient IsInfected False
New patient IsInfected False
Infecting in queue patient 11
Infecting in queue patient 13
Infecting in queue patient 13
Infecting in queue patient 15
Infecting in queue patient 15
Infecting in queue patient 17
Infecting in queue patient 17
Infecting in queue patient 19
Infecting in queue patient 19
Infecting in queue patient 21
Infecting in queue patient 21
Infecting in queue patient 23
Infecting in queue patient 23
Infecting in queue patient 25
Infecting in queue patient 25
Infecting in queue patient 27
Infecting in queue patient 27
Infecting in queue patient 29
Infecting in queue patient 29
Infecting in queue patient 31
Infecting in queue patient 31
Infecting in queue patient 33
Infecting in queue patient 33
Infecting in queue patient 35
Infecting in queue patient 35
Infecting in queue patient 37
Infecting in queue patient 37
Infecting in queue patient 39
New patient IsInfected False
Infecting in queue patient 10
Infecting in queue patient 12
Infecting in queue patient 12
Infecting in queue patient 14
Infecting in queue patient 14
Infecting in queue patient 16
Infecting in queue patient 16
Infecting in queue patient 18
Infecting in queue patient 18
Infecting in queue patient 20
Infecting in queue patient 20
Infecting in queue patient 22
Infecting in queue patient 22
Infecting in queue patient 24
Infecting in queue patient 24
Infecting in queue patient 26
Infecting in queue patient 26
Infecting in queue patient 28
Infecting in queue patient 28
Infecting in queue patient 30
Infecting in queue patient 30
Infecting in queue patient 32
Infecting in queue patient 32
Infecting in queue patient 34
Infecting in queue patient 34
Infecting in queue patient 36
Infecting in queue patient 36
Infecting in queue patient 38
Infecting in queue patient 38
Infecting in queue patient 40
New patient IsInfected False
New patient IsInfected False
Infecting in queue patient 9
Infecting in queue patient 11
Infecting in queue patient 11
Infecting in queue patient 13
Infecting in queue patient 13
Infecting in queue patient 15
Infecting in queue patient 15
Infecting in queue patient 17
Infecting in queue patient 17
Infecting in queue patient 19
Infecting in queue patient 19
Infecting in queue patient 21
Infecting in queue patient 21
Infecting in queue patient 23
Infecting in queue patient 23
Infecting in queue patient 25
Infecting in queue patient 25
Infecting in queue patient 27
Infecting in queue patient 27
Infecting in queue patient 29
Infecting in queue patient 29
Infecting in queue patient 31
Infecting in queue patient 31
Infecting in queue patient 33
Infecting in queue patient 33
Infecting in queue patient 35
Infecting in queue patient 35
Infecting in queue patient 37
Infecting in queue patient 37
Infecting in queue patient 39
Infecting in queue patient 39
Infecting in queue patient 41
New patient IsInfected False
New patient IsInfected False
Infecting in queue patient 8
Infecting in queue patient 10
Infecting in queue patient 10
Infecting in queue patient 12
Infecting in queue patient 12
Infecting in queue patient 14
Infecting in queue patient 14
Infecting in queue patient 16
Infecting in queue patient 16
Infecting in queue patient 18
Infecting in queue patient 18
Infecting in queue patient 20
Infecting in queue patient 20
Infecting in queue patient 22
Infecting in queue patient 22
Infecting in queue patient 24
Infecting in queue patient 24
Infecting in queue patient 26
Infecting in queue patient 26
Infecting in queue patient 28
Infecting in queue patient 28
Infecting in queue patient 30
Infecting in queue patient 30
Infecting in queue patient 32
Infecting in queue patient 32
Infecting in queue patient 34
Infecting in queue patient 34
Infecting in queue patient 36
Infecting in queue patient 36
Infecting in queue patient 38
Infecting in queue patient 38
Infecting in queue patient 40
Infecting in queue patient 40
Infecting in queue patient 42
New patient IsInfected False
New patient IsInfected False
Infecting in queue patient 7
Infecting in queue patient 9
Infecting in queue patient 9
Infecting in queue patient 11
Infecting in queue patient 11
Infecting in queue patient 13
Infecting in queue patient 13
Infecting in queue patient 15
Infecting in queue patient 15
Infecting in queue patient 17
Infecting in queue patient 17
Infecting in queue patient 19
Infecting in queue patient 19
Infecting in queue patient 21
Infecting in queue patient 21
Infecting in queue patient 23
Infecting in queue patient 23
Infecting in queue patient 25
Infecting in queue patient 25
Infecting in queue patient 27
Infecting in queue patient 27
Infecting in queue patient 29
Infecting in queue patient 29
Infecting in queue patient 31
Infecting in queue patient 31
Infecting in queue patient 33
Infecting in queue patient 33
Infecting in queue patient 35
Infecting in queue patient 35
Infecting in queue patient 37
Infecting in queue patient 37
Infecting in queue patient 39
Infecting in queue patient 39
Infecting in queue patient 41
Infecting in queue patient 41
Infecting in queue patient 43
New patient IsInfected False
Infecting in queue patient 6
Infecting in queue patient 8
Infecting in queue patient 8
Infecting in queue patient 10
Infecting in queue patient 10
Infecting in queue patient 12
Infecting in queue patient 12
Infecting in queue patient 14
Infecting in queue patient 14
Infecting in queue patient 16
Infecting in queue patient 16
Infecting in queue patient 18
Infecting in queue patient 18
Infecting in queue patient 20
Infecting in queue patient 20
Infecting in queue patient 22
Infecting in queue patient 22
Infecting in queue patient 24
Infecting in queue patient 24
Infecting in queue patient 26
Infecting in queue patient 26
Infecting in queue patient 28
Infecting in queue patient 28
Infecting in queue patient 30
Infecting in queue patient 30
Infecting in queue patient 32
Infecting in queue patient 32
Infecting in queue patient 34
Infecting in queue patient 34
Infecting in queue patient 36
Infecting in queue patient 36
Infecting in queue patient 38
Infecting in queue patient 38
Infecting in queue patient 40
Infecting in queue patient 40
Infecting in queue patient 42
Infecting in queue patient 42
Infecting in queue patient 44
New patient IsInfected False
New patient IsInfected False
Infecting in queue patient 5
Infecting in queue patient 7
Infecting in queue patient 7
Infecting in queue patient 9
Infecting in queue patient 9
Infecting in queue patient 11
Infecting in queue patient 11
Infecting in queue patient 13
Infecting in queue patient 13
Infecting in queue patient 15
Infecting in queue patient 15
Infecting in queue patient 17
Infecting in queue patient 17
Infecting in queue patient 19
Infecting in queue patient 19
Infecting in queue patient 21
Infecting in queue patient 21
Infecting in queue patient 23
Infecting in queue patient 23
Infecting in queue patient 25
Infecting in queue patient 25
Infecting in queue patient 27
Infecting in queue patient 27
Infecting in queue patient 29
Infecting in queue patient 29
Infecting in queue patient 31
Infecting in queue patient 31
Infecting in queue patient 33
Infecting in queue patient 33
Infecting in queue patient 35
Infecting in queue patient 35
Infecting in queue patient 37
Infecting in queue patient 37
Infecting in queue patient 39
Infecting in queue patient 39
Infecting in queue patient 41
Infecting in queue patient 41
Infecting in queue patient 43
Infecting in queue patient 43
Infecting in queue patient 45
New patient IsInfected False
New patient IsInfected False
Infecting in queue patient 6
Infecting in queue patient 6
Infecting in queue patient 8
Infecting in queue patient 8
Infecting in queue patient 10
Infecting in queue patient 10
Infecting in queue patient 12
Infecting in queue patient 12
Infecting in queue patient 14
Infecting in queue patient 14
Infecting in queue patient 16
Infecting in queue patient 16
Infecting in queue patient 18
Infecting in queue patient 18
Infecting in queue patient 20
Infecting in queue patient 20
Infecting in queue patient 22
Infecting in queue patient 22
Infecting in queue patient 24
Infecting in queue patient 24
Infecting in queue patient 26
Infecting in queue patient 26
Infecting in queue patient 28
Infecting in queue patient 28
Infecting in queue patient 30
Infecting in queue patient 30
Infecting in queue patient 32
Infecting in queue patient 32
Infecting in queue patient 34
Infecting in queue patient 34
Infecting in queue patient 36
Infecting in queue patient 36
Infecting in queue patient 38
Infecting in queue patient 38
Infecting in queue patient 40
Infecting in queue patient 40
Infecting in queue patient 42
Infecting in queue patient 42
Infecting in queue patient 44
Infecting in queue patient 44
Infecting in queue patient 46
New patient IsInfected False
New patient IsInfected False
Infecting in queue patient 6
Infecting in queue patient 6
Infecting in queue patient 8
Infecting in queue patient 8
Infecting in queue patient 10
Infecting in queue patient 10
Infecting in queue patient 12
Infecting in queue patient 12
Infecting in queue patient 14
Infecting in queue patient 14
Infecting in queue patient 16
Infecting in queue patient 16
Infecting in queue patient 18
Infecting in queue patient 18
Infecting in queue patient 20
Infecting in queue patient 20
Infecting in queue patient 22
Infecting in queue patient 22
Infecting in queue patient 24
Infecting in queue patient 24
Infecting in queue patient 26
Infecting in queue patient 26
Infecting in queue patient 28
Infecting in queue patient 28
Infecting in queue patient 30
Infecting in queue patient 30
Infecting in queue patient 32
Infecting in queue patient 32
Infecting in queue patient 34
Infecting in queue patient 34
Infecting in queue patient 36
Infecting in queue patient 36
Infecting in queue patient 38
Infecting in queue patient 38
Infecting in queue patient 40
Infecting in queue patient 40
Infecting in queue patient 42
Infecting in queue patient 42
Infecting in queue patient 44
Infecting in queue patient 44
Infecting in queue patient 46
New patient IsInfected False
New patient IsInfected False
New patient IsInfected False
New patient IsInfected False
New patient IsInfected False
Infecting in queue patient 6
Infecting in queue patient 6
Infecting in queue patient 8
Infecting in queue patient 8
Infecting in queue patient 10
Infecting in queue patient 10
Infecting in queue patient 12
Infecting in queue patient 12
Infecting in queue patient 14
Infecting in queue patient 14
Infecting in queue patient 16
Infecting in queue patient 16
Infecting in queue patient 18
Infecting in queue patient 18
Infecting in queue patient 20
Infecting in queue patient 20
Infecting in queue patient 22
Infecting in queue patient 22
Infecting in queue patient 24
Infecting in queue patient 24
Infecting in queue patient 26
Infecting in queue patient 26
Infecting in queue patient 28
Infecting in queue patient 28
Infecting in queue patient 30
Infecting in queue patient 30
Infecting in queue patient 32
Infecting in queue patient 32
Infecting in queue patient 34
Infecting in queue patient 34
Infecting in queue patient 36
Infecting in queue patient 36
Infecting in queue patient 38
Infecting in queue patient 38
Infecting in queue patient 40
Infecting in queue patient 40
Infecting in queue patient 42
Infecting in queue patient 42
Infecting in queue patient 44
Infecting in queue patient 44
Infecting in queue patient 46
New patient IsInfected False
New patient IsInfected False
Infecting in queue patient 6
Infecting in queue patient 6
Infecting in queue patient 8
Infecting in queue patient 8
Infecting in queue patient 10
Infecting in queue patient 10
Infecting in queue patient 12
Infecting in queue patient 12
Infecting in queue patient 14
Infecting in queue patient 14
Infecting in queue patient 16
Infecting in queue patient 16
Infecting in queue patient 18
Infecting in queue patient 18
Infecting in queue patient 20
Infecting in queue patient 20
Infecting in queue patient 22
Infecting in queue patient 22
Infecting in queue patient 24
Infecting in queue patient 24
Infecting in queue patient 26
Infecting in queue patient 26
Infecting in queue patient 28
Infecting in queue patient 28
Infecting in queue patient 30
Infecting in queue patient 30
Infecting in queue patient 32
Infecting in queue patient 32
Infecting in queue patient 34
Infecting in queue patient 34
Infecting in queue patient 36
Infecting in queue patient 36
Infecting in queue patient 38
Infecting in queue patient 38
Infecting in queue patient 40
Infecting in queue patient 40
Infecting in queue patient 42
Infecting in queue patient 42
Infecting in queue patient 44
Infecting in queue patient 44
Infecting in queue patient 46
New patient IsInfected False
New patient IsInfected False
Infecting in queue patient 6
Infecting in queue patient 6
Infecting in queue patient 8
Infecting in queue patient 8
Infecting in queue patient 10
Infecting in queue patient 10
Infecting in queue patient 12
Infecting in queue patient 12
Infecting in queue patient 14
Infecting in queue patient 14
Infecting in queue patient 16
Infecting in queue patient 16
Infecting in queue patient 18
Infecting in queue patient 18
Infecting in queue patient 20
Infecting in queue patient 20
Infecting in queue patient 22
Infecting in queue patient 22
Infecting in queue patient 24
Infecting in queue patient 24
Infecting in queue patient 26
Infecting in queue patient 26
Infecting in queue patient 28
Infecting in queue patient 28
Infecting in queue patient 30
Infecting in queue patient 30
Infecting in queue patient 32
Infecting in queue patient 32
Infecting in queue patient 34
Infecting in queue patient 34
Infecting in queue patient 36
Infecting in queue patient 36
Infecting in queue patient 38
Infecting in queue patient 38
Infecting in queue patient 40
Infecting in queue patient 40
Infecting in queue patient 42
Infecting in queue patient 42
Infecting in queue patient 44
Infecting in queue patient 44
Infecting in queue patient 46
New patient IsInfected False
Infecting in queue patient 6
Infecting in queue patient 6
Infecting in queue patient 8
Infecting in queue patient 8
Infecting in queue patient 10
Infecting in queue patient 10
Infecting in queue patient 12
Infecting in queue patient 12
Infecting in queue patient 14
Infecting in queue patient 14
Infecting in queue patient 16
Infecting in queue patient 16
Infecting in queue patient 18
Infecting in queue patient 18
Infecting in queue patient 20
Infecting in queue patient 20
Infecting in queue patient 22
Infecting in queue patient 22
Infecting in queue patient 24
Infecting in queue patient 24
Infecting in queue patient 26
Infecting in queue patient 26
Infecting in queue patient 28
Infecting in queue patient 28
Infecting in queue patient 30
Infecting in queue patient 30
Infecting in queue patient 32
Infecting in queue patient 32
Infecting in queue patient 34
Infecting in queue patient 34
Infecting in queue patient 36
Infecting in queue patient 36
Infecting in queue patient 38
Infecting in queue patient 38
Infecting in queue patient 40
Infecting in queue patient 40
Infecting in queue patient 42
Infecting in queue patient 42
Infecting in queue patient 44
Infecting in queue patient 44
Infecting in queue patient 46
New patient IsInfected False
New patient IsInfected False
Infecting in queue patient 6
Infecting in queue patient 6
Infecting in queue patient 8
Infecting in queue patient 8
Infecting in queue patient 10
Infecting in queue patient 10
Infecting in queue patient 12
Infecting in queue patient 12
Infecting in queue patient 14
Infecting in queue patient 14
Infecting in queue patient 16
Infecting in queue patient 16
Infecting in queue patient 18
Infecting in queue patient 18
Infecting in queue patient 20
Infecting in queue patient 20
Infecting in queue patient 22
Infecting in queue patient 22
Infecting in queue patient 24
Infecting in queue patient 24
Infecting in queue patient 26
Infecting in queue patient 26
Infecting in queue patient 28
Infecting in queue patient 28
Infecting in queue patient 30
Infecting in queue patient 30
Infecting in queue patient 32
Infecting in queue patient 32
Infecting in queue patient 34
Infecting in queue patient 34
Infecting in queue patient 36
Infecting in queue patient 36
Infecting in queue patient 38
Infecting in queue patient 38
Infecting in queue patient 40
Infecting in queue patient 40
Infecting in queue patient 42
Infecting in queue patient 42
Infecting in queue patient 44
Infecting in queue patient 44
Infecting in queue patient 46
New patient IsInfected False
New patient IsInfected False
New patient IsInfected False
Infecting in queue patient 6
Infecting in queue patient 6
Infecting in queue patient 8
Infecting in queue patient 8
Infecting in queue patient 10
Infecting in queue patient 10
Infecting in queue patient 12
Infecting in queue patient 12
Infecting in queue patient 14
Infecting in queue patient 14
Infecting in queue patient 16
Infecting in queue patient 16
Infecting in queue patient 18
Infecting in queue patient 18
Infecting in queue patient 20
Infecting in queue patient 20
Infecting in queue patient 22
Infecting in queue patient 22
Infecting in queue patient 24
Infecting in queue patient 24
Infecting in queue patient 26
Infecting in queue patient 26
Infecting in queue patient 28
Infecting in queue patient 28
Infecting in queue patient 30
Infecting in queue patient 30
Infecting in queue patient 32
Infecting in queue patient 32
Infecting in queue patient 34
Infecting in queue patient 34
Infecting in queue patient 36
Infecting in queue patient 36
Infecting in queue patient 38
Infecting in queue patient 38
Infecting in queue patient 40
Infecting in queue patient 40
Infecting in queue patient 42
Infecting in queue patient 42
Infecting in queue patient 44
Infecting in queue patient 44
Infecting in queue patient 46
New patient IsInfected False
New patient IsInfected False
Infecting in queue patient 6
Infecting in queue patient 6
Infecting in queue patient 8
Infecting in queue patient 8
Infecting in queue patient 10
Infecting in queue patient 10
Infecting in queue patient 12
Infecting in queue patient 12
Infecting in queue patient 14
Infecting in queue patient 14
Infecting in queue patient 16
Infecting in queue patient 16
Infecting in queue patient 18
Infecting in queue patient 18
Infecting in queue patient 20
Infecting in queue patient 20
Infecting in queue patient 22
Infecting in queue patient 22
Infecting in queue patient 24
Infecting in queue patient 24
Infecting in queue patient 26
Infecting in queue patient 26
Infecting in queue patient 28
Infecting in queue patient 28
Infecting in queue patient 30
Infecting in queue patient 30
Infecting in queue patient 32
Infecting in queue patient 32
Infecting in queue patient 34
Infecting in queue patient 34
Infecting in queue patient 36
Infecting in queue patient 36
Infecting in queue patient 38
Infecting in queue patient 38
Infecting in queue patient 40
Infecting in queue patient 40
Infecting in queue patient 42
Infecting in queue patient 42
Infecting in queue patient 44
Infecting in queue patient 44
Infecting in queue patient 46
New patient IsInfected False
New patient IsInfected False
Infecting in queue patient 6
Infecting in queue patient 6
Infecting in queue patient 8
Infecting in queue patient 8
Infecting in queue patient 10
Infecting in queue patient 10
Infecting in queue patient 12
Infecting in queue patient 12
Infecting in queue patient 14
Infecting in queue patient 14
Infecting in queue patient 16
Infecting in queue patient 16
Infecting in queue patient 18
Infecting in queue patient 18
Infecting in queue patient 20
Infecting in queue patient 20
Infecting in queue patient 22
Infecting in queue patient 22
Infecting in queue patient 24
Infecting in queue patient 24
Infecting in queue patient 26
Infecting in queue patient 26
Infecting in queue patient 28
Infecting in queue patient 28
Infecting in queue patient 30
Infecting in queue patient 30
Infecting in queue patient 32
Infecting in queue patient 32
Infecting in queue patient 34
Infecting in queue patient 34
Infecting in queue patient 36
Infecting in queue patient 36
Infecting in queue patient 38
Infecting in queue patient 38
Infecting in queue patient 40
Infecting in queue patient 40
Infecting in queue patient 42
Infecting in queue patient 42
Infecting in queue patient 44
Infecting in queue patient 44
Infecting in queue patient 46
New patient IsInfected False
New patient IsInfected False
New patient IsInfected False
New patient IsInfected False
Infecting in queue patient 6
Infecting in queue patient 6
Infecting in queue patient 8
Infecting in queue patient 8
Infecting in queue patient 10
Infecting in queue patient 10
Infecting in queue patient 12
Infecting in queue patient 12
Infecting in queue patient 14
Infecting in queue patient 14
Infecting in queue patient 16
Infecting in queue patient 16
Infecting in queue patient 18
Infecting in queue patient 18
Infecting in queue patient 20
Infecting in queue patient 20
Infecting in queue patient 22
Infecting in queue patient 22
Infecting in queue patient 24
Infecting in queue patient 24
Infecting in queue patient 26
Infecting in queue patient 26
Infecting in queue patient 28
Infecting in queue patient 28
Infecting in queue patient 30
Infecting in queue patient 30
Infecting in queue patient 32
Infecting in queue patient 32
Infecting in queue patient 34
Infecting in queue patient 34
Infecting in queue patient 36
Infecting in queue patient 36
Infecting in queue patient 38
Infecting in queue patient 38
Infecting in queue patient 40
Infecting in queue patient 40
Infecting in queue patient 42
Infecting in queue patient 42
Infecting in queue patient 44
Infecting in queue patient 44
Infecting in queue patient 46
New patient IsInfected False
Infecting in queue patient 6
Infecting in queue patient 6
Infecting in queue patient 8
Infecting in queue patient 8
Infecting in queue patient 10
Infecting in queue patient 10
Infecting in queue patient 12
Infecting in queue patient 12
Infecting in queue patient 14
Infecting in queue patient 14
Infecting in queue patient 16
Infecting in queue patient 16
Infecting in queue patient 18
Infecting in queue patient 18
Infecting in queue patient 20
Infecting in queue patient 20
Infecting in queue patient 22
Infecting in queue patient 22
Infecting in queue patient 24
Infecting in queue patient 24
Infecting in queue patient 26
Infecting in queue patient 26
Infecting in queue patient 28
Infecting in queue patient 28
Infecting in queue patient 30
Infecting in queue patient 30
Infecting in queue patient 32
Infecting in queue patient 32
Infecting in queue patient 34
Infecting in queue patient 34
Infecting in queue patient 36
Infecting in queue patient 36
Infecting in queue patient 38
Infecting in queue patient 38
Infecting in queue patient 40
Infecting in queue patient 40
Infecting in queue patient 42
Infecting in queue patient 42
Infecting in queue patient 44
Infecting in queue patient 44
Infecting in queue patient 46
New patient IsInfected False
Infecting in queue patient 6
Infecting in queue patient 6
Infecting in queue patient 8
Infecting in queue patient 8
Infecting in queue patient 10
Infecting in queue patient 10
Infecting in queue patient 12
Infecting in queue patient 12
Infecting in queue patient 14
Infecting in queue patient 14
Infecting in queue patient 16
Infecting in queue patient 16
Infecting in queue patient 18
Infecting in queue patient 18
Infecting in queue patient 20
Infecting in queue patient 20
Infecting in queue patient 22
Infecting in queue patient 22
Infecting in queue patient 24
Infecting in queue patient 24
Infecting in queue patient 26
Infecting in queue patient 26
Infecting in queue patient 28
Infecting in queue patient 28
Infecting in queue patient 30
Infecting in queue patient 30
Infecting in queue patient 32
Infecting in queue patient 32
Infecting in queue patient 34
Infecting in queue patient 34
Infecting in queue patient 36
Infecting in queue patient 36
Infecting in queue patient 38
Infecting in queue patient 38
Infecting in queue patient 40
Infecting in queue patient 40
Infecting in queue patient 42
Infecting in queue patient 42
Infecting in queue patient 44
Infecting in queue patient 44
Infecting in queue patient 46
New patient IsInfected False
Infecting in queue patient 6
Infecting in queue patient 6
Infecting in queue patient 8
Infecting in queue patient 8
Infecting in queue patient 10
Infecting in queue patient 10
Infecting in queue patient 12
Infecting in queue patient 12
Infecting in queue patient 14
Infecting in queue patient 14
Infecting in queue patient 16
Infecting in queue patient 16
Infecting in queue patient 18
Infecting in queue patient 18
Infecting in queue patient 20
Infecting in queue patient 20
Infecting in queue patient 22
Infecting in queue patient 22
Infecting in queue patient 24
Infecting in queue patient 24
Infecting in queue patient 26
Infecting in queue patient 26
Infecting in queue patient 28
Infecting in queue patient 28
Infecting in queue patient 30
Infecting in queue patient 30
Infecting in queue patient 32
Infecting in queue patient 32
Infecting in queue patient 34
Infecting in queue patient 34
Infecting in queue patient 36
Infecting in queue patient 36
Infecting in queue patient 38
Infecting in queue patient 38
Infecting in queue patient 40
Infecting in queue patient 40
Infecting in queue patient 42
Infecting in queue patient 42
Infecting in queue patient 44
Infecting in queue patient 44
Infecting in queue patient 46
New patient IsInfected False
New patient IsInfected False
Infecting in queue patient 6
Infecting in queue patient 6
Infecting in queue patient 8
Infecting in queue patient 8
Infecting in queue patient 10
Infecting in queue patient 10
Infecting in queue patient 12
Infecting in queue patient 12
Infecting in queue patient 14
Infecting in queue patient 14
Infecting in queue patient 16
Infecting in queue patient 16
Infecting in queue patient 18
Infecting in queue patient 18
Infecting in queue patient 20
Infecting in queue patient 20
Infecting in queue patient 22
Infecting in queue patient 22
Infecting in queue patient 24
Infecting in queue patient 24
Infecting in queue patient 26
Infecting in queue patient 26
Infecting in queue patient 28
Infecting in queue patient 28
Infecting in queue patient 30
Infecting in queue patient 30
Infecting in queue patient 32
Infecting in queue patient 32
Infecting in queue patient 34
Infecting in queue patient 34
Infecting in queue patient 36
Infecting in queue patient 36
Infecting in queue patient 38
Infecting in queue patient 38
Infecting in queue patient 40
Infecting in queue patient 40
Infecting in queue patient 42
Infecting in queue patient 42
Infecting in queue patient 44
Infecting in queue patient 44
Infecting in queue patient 46
New patient IsInfected False
Infecting in queue patient 6
Infecting in queue patient 6
Infecting in queue patient 8
Infecting in queue patient 8
Infecting in queue patient 10
Infecting in queue patient 10
Infecting in queue patient 12
Infecting in queue patient 12
Infecting in queue patient 14
Infecting in queue patient 14
Infecting in queue patient 16
Infecting in queue patient 16
Infecting in queue patient 18
Infecting in queue patient 18
Infecting in queue patient 20
Infecting in queue patient 20
Infecting in queue patient 22
Infecting in queue patient 22
Infecting in queue patient 24
Infecting in queue patient 24
Infecting in queue patient 26
Infecting in queue patient 26
Infecting in queue patient 28
Infecting in queue patient 28
Infecting in queue patient 30
Infecting in queue patient 30
Infecting in queue patient 32
Infecting in queue patient 32
Infecting in queue patient 34
Infecting in queue patient 34
Infecting in queue patient 36
Infecting in queue patient 36
Infecting in queue patient 38
Infecting in queue patient 38
Infecting in queue patient 40
Infecting in queue patient 40
Infecting in queue patient 42
Infecting in queue patient 42
Infecting in queue patient 44
Infecting in queue patient 44
Infecting in queue patient 46
New patient IsInfected False
Infecting in queue patient 6
Infecting in queue patient 6
Infecting in queue patient 8
Infecting in queue patient 8
Infecting in queue patient 10
Infecting in queue patient 10
Infecting in queue patient 12
Infecting in queue patient 12
Infecting in queue patient 14
Infecting in queue patient 14
Infecting in queue patient 16
Infecting in queue patient 16
Infecting in queue patient 18
Infecting in queue patient 18
Infecting in queue patient 20
Infecting in queue patient 20
Infecting in queue patient 22
Infecting in queue patient 22
Infecting in queue patient 24
Infecting in queue patient 24
Infecting in queue patient 26
Infecting in queue patient 26
Infecting in queue patient 28
Infecting in queue patient 28
Infecting in queue patient 30
Infecting in queue patient 30
Infecting in queue patient 32
Infecting in queue patient 32
Infecting in queue patient 34
Infecting in queue patient 34
Infecting in queue patient 36
Infecting in queue patient 36
Infecting in queue patient 38
Infecting in queue patient 38
Infecting in queue patient 40
Infecting in queue patient 40
Infecting in queue patient 42
Infecting in queue patient 42
Infecting in queue patient 44
Infecting in queue patient 44
Infecting in queue patient 46
New patient IsInfected False
New patient IsInfected False
Infecting in queue patient 6
Infecting in queue patient 6
Infecting in queue patient 8
Infecting in queue patient 8
Infecting in queue patient 10
Infecting in queue patient 10
Infecting in queue patient 12
Infecting in queue patient 12
Infecting in queue patient 14
Infecting in queue patient 14
Infecting in queue patient 16
Infecting in queue patient 16
Infecting in queue patient 18
Infecting in queue patient 18
Infecting in queue patient 20
Infecting in queue patient 20
Infecting in queue patient 22
Infecting in queue patient 22
Infecting in queue patient 24
Infecting in queue patient 24
Infecting in queue patient 26
Infecting in queue patient 26
Infecting in queue patient 28
Infecting in queue patient 28
Infecting in queue patient 30
Infecting in queue patient 30
Infecting in queue patient 32
Infecting in queue patient 32
Infecting in queue patient 34
Infecting in queue patient 34
Infecting in queue patient 36
Infecting in queue patient 36
Infecting in queue patient 38
Infecting in queue patient 38
Infecting in queue patient 40
Infecting in queue patient 40
Infecting in queue patient 42
Infecting in queue patient 42
Infecting in queue patient 44
Infecting in queue patient 44
Infecting in queue patient 46
New patient IsInfected False
Infecting in queue patient 6
Infecting in queue patient 6
Infecting in queue patient 8
Infecting in queue patient 8
Infecting in queue patient 10
Infecting in queue patient 10
Infecting in queue patient 12
Infecting in queue patient 12
Infecting in queue patient 14
Infecting in queue patient 14
Infecting in queue patient 16
Infecting in queue patient 16
Infecting in queue patient 18
Infecting in queue patient 18
Infecting in queue patient 20
Infecting in queue patient 20
Infecting in queue patient 22
Infecting in queue patient 22
Infecting in queue patient 24
Infecting in queue patient 24
Infecting in queue patient 26
Infecting in queue patient 26
Infecting in queue patient 28
Infecting in queue patient 28
Infecting in queue patient 30
Infecting in queue patient 30
Infecting in queue patient 32
Infecting in queue patient 32
Infecting in queue patient 34
Infecting in queue patient 34
Infecting in queue patient 36
Infecting in queue patient 36
Infecting in queue patient 38
Infecting in queue patient 38
Infecting in queue patient 40
Infecting in queue patient 40
Infecting in queue patient 42
Infecting in queue patient 42
Infecting in queue patient 44
Infecting in queue patient 44
Infecting in queue patient 46
New patient IsInfected False
New patient IsInfected False
Infecting in queue patient 6
Infecting in queue patient 6
Infecting in queue patient 8
Infecting in queue patient 8
Infecting in queue patient 10
Infecting in queue patient 10
Infecting in queue patient 12
Infecting in queue patient 12
Infecting in queue patient 14
Infecting in queue patient 14
Infecting in queue patient 16
Infecting in queue patient 16
Infecting in queue patient 18
Infecting in queue patient 18
Infecting in queue patient 20
Infecting in queue patient 20
Infecting in queue patient 22
Infecting in queue patient 22
Infecting in queue patient 24
Infecting in queue patient 24
Infecting in queue patient 26
Infecting in queue patient 26
Infecting in queue patient 28
Infecting in queue patient 28
Infecting in queue patient 30
Infecting in queue patient 30
Infecting in queue patient 32
Infecting in queue patient 32
Infecting in queue patient 34
Infecting in queue patient 34
Infecting in queue patient 36
Infecting in queue patient 36
Infecting in queue patient 38
Infecting in queue patient 38
Infecting in queue patient 40
Infecting in queue patient 40
Infecting in queue patient 42
Infecting in queue patient 42
Infecting in queue patient 44
Infecting in queue patient 44
Infecting in queue patient 46
New patient IsInfected False
New patient IsInfected False
Infecting in queue patient 6
Infecting in queue patient 6
Infecting in queue patient 8
Infecting in queue patient 8
Infecting in queue patient 10
Infecting in queue patient 10
Infecting in queue patient 12
Infecting in queue patient 12
Infecting in queue patient 14
Infecting in queue patient 14
Infecting in queue patient 16
Infecting in queue patient 16
Infecting in queue patient 18
Infecting in queue patient 18
Infecting in queue patient 20
Infecting in queue patient 20
Infecting in queue patient 22
Infecting in queue patient 22
Infecting in queue patient 24
Infecting in queue patient 24
Infecting in queue patient 26
Infecting in queue patient 26
Infecting in queue patient 28
Infecting in queue patient 28
Infecting in queue patient 30
Infecting in queue patient 30
Infecting in queue patient 32
Infecting in queue patient 32
Infecting in queue patient 34
Infecting in queue patient 34
Infecting in queue patient 36
Infecting in queue patient 36
Infecting in queue patient 38
Infecting in queue patient 38
Infecting in queue patient 40
Infecting in queue patient 40
Infecting in queue patient 42
Infecting in queue patient 42
Infecting in queue patient 44
Infecting in queue patient 44
Infecting in queue patient 46
New patient IsInfected False
New patient IsInfected False
New patient IsInfected False
New patient IsInfected False
Infecting in queue patient 6
Infecting in queue patient 6
Infecting in queue patient 8
Infecting in queue patient 8
Infecting in queue patient 10
Infecting in queue patient 10
Infecting in queue patient 12
Infecting in queue patient 12
Infecting in queue patient 14
Infecting in queue patient 14
Infecting in queue patient 16
Infecting in queue patient 16
Infecting in queue patient 18
Infecting in queue patient 18
Infecting in queue patient 20
Infecting in queue patient 20
Infecting in queue patient 22
Infecting in queue patient 22
Infecting in queue patient 24
Infecting in queue patient 24
Infecting in queue patient 26
Infecting in queue patient 26
Infecting in queue patient 28
Infecting in queue patient 28
Infecting in queue patient 30
Infecting in queue patient 30
Infecting in queue patient 32
Infecting in queue patient 32
Infecting in queue patient 34
Infecting in queue patient 34
Infecting in queue patient 36
Infecting in queue patient 36
Infecting in queue patient 38
Infecting in queue patient 38
Infecting in queue patient 40
Infecting in queue patient 40
Infecting in queue patient 42
Infecting in queue patient 42
Infecting in queue patient 44
Infecting in queue patient 44
Infecting in queue patient 46
New patient IsInfected False
Infecting in queue patient 6
Infecting in queue patient 6
Infecting in queue patient 8
Infecting in queue patient 8
Infecting in queue patient 10
Infecting in queue patient 10
Infecting in queue patient 12
Infecting in queue patient 12
Infecting in queue patient 14
Infecting in queue patient 14
Infecting in queue patient 16
Infecting in queue patient 16
Infecting in queue patient 18
Infecting in queue patient 18
Infecting in queue patient 20
Infecting in queue patient 20
Infecting in queue patient 22
Infecting in queue patient 22
Infecting in queue patient 24
Infecting in queue patient 24
Infecting in queue patient 26
Infecting in queue patient 26
Infecting in queue patient 28
Infecting in queue patient 28
Infecting in queue patient 30
Infecting in queue patient 30
Infecting in queue patient 32
Infecting in queue patient 32
Infecting in queue patient 34
Infecting in queue patient 34
Infecting in queue patient 36
Infecting in queue patient 36
Infecting in queue patient 38
Infecting in queue patient 38
Infecting in queue patient 40
Infecting in queue patient 40
Infecting in queue patient 42
Infecting in queue patient 42
Infecting in queue patient 44
Infecting in queue patient 44
Infecting in queue patient 46
New patient IsInfected False
Infecting in queue patient 6
Infecting in queue patient 6
Infecting in queue patient 8
Infecting in queue patient 8
Infecting in queue patient 10
Infecting in queue patient 10
Infecting in queue patient 12
Infecting in queue patient 12
Infecting in queue patient 14
Infecting in queue patient 14
Infecting in queue patient 16
Infecting in queue patient 16
Infecting in queue patient 18
Infecting in queue patient 18
Infecting in queue patient 20
Infecting in queue patient 20
Infecting in queue patient 22
Infecting in queue patient 22
Infecting in queue patient 24
Infecting in queue patient 24
Infecting in queue patient 26
Infecting in queue patient 26
Infecting in queue patient 28
Infecting in queue patient 28
Infecting in queue patient 30
Infecting in queue patient 30
Infecting in queue patient 32
Infecting in queue patient 32
Infecting in queue patient 34
Infecting in queue patient 34
Infecting in queue patient 36
Infecting in queue patient 36
Infecting in queue patient 38
Infecting in queue patient 38
Infecting in queue patient 40
Infecting in queue patient 40
Infecting in queue patient 42
Infecting in queue patient 42
Infecting in queue patient 44
Infecting in queue patient 44
Infecting in queue patient 46
New patient IsInfected False
New patient IsInfected False
New patient IsInfected False
New patient IsInfected False
Infecting in queue patient 6
Infecting in queue patient 6
Infecting in queue patient 8
Infecting in queue patient 8
Infecting in queue patient 10
Infecting in queue patient 10
Infecting in queue patient 12
Infecting in queue patient 12
Infecting in queue patient 14
Infecting in queue patient 14
Infecting in queue patient 16
Infecting in queue patient 16
Infecting in queue patient 18
Infecting in queue patient 18
Infecting in queue patient 20
Infecting in queue patient 20
Infecting in queue patient 22
Infecting in queue patient 22
Infecting in queue patient 24
Infecting in queue patient 24
Infecting in queue patient 26
Infecting in queue patient 26
Infecting in queue patient 28
Infecting in queue patient 28
Infecting in queue patient 30
Infecting in queue patient 30
Infecting in queue patient 32
Infecting in queue patient 32
Infecting in queue patient 34
Infecting in queue patient 34
Infecting in queue patient 36
Infecting in queue patient 36
Infecting in queue patient 38
Infecting in queue patient 38
Infecting in queue patient 40
Infecting in queue patient 40
Infecting in queue patient 42
Infecting in queue patient 42
Infecting in queue patient 44
Infecting in queue patient 44
Infecting in queue patient 46
New patient IsInfected False
Infecting in queue patient 6
Infecting in queue patient 6
Infecting in queue patient 8
Infecting in queue patient 8
Infecting in queue patient 10
Infecting in queue patient 10
Infecting in queue patient 12
Infecting in queue patient 12
Infecting in queue patient 14
Infecting in queue patient 14
Infecting in queue patient 16
Infecting in queue patient 16
Infecting in queue patient 18
Infecting in queue patient 18
Infecting in queue patient 20
Infecting in queue patient 20
Infecting in queue patient 22
Infecting in queue patient 22
Infecting in queue patient 24
Infecting in queue patient 24
Infecting in queue patient 26
Infecting in queue patient 26
Infecting in queue patient 28
Infecting in queue patient 28
Infecting in queue patient 30
Infecting in queue patient 30
Infecting in queue patient 32
Infecting in queue patient 32
Infecting in queue patient 34
Infecting in queue patient 34
Infecting in queue patient 36
Infecting in queue patient 36
Infecting in queue patient 38
Infecting in queue patient 38
Infecting in queue patient 40
Infecting in queue patient 40
Infecting in queue patient 42
Infecting in queue patient 42
Infecting in queue patient 44
Infecting in queue patient 44
Infecting in queue patient 46
New patient IsInfected False
Infecting in queue patient 6
Infecting in queue patient 6
Infecting in queue patient 8
Infecting in queue patient 8
Infecting in queue patient 10
Infecting in queue patient 10
Infecting in queue patient 12
Infecting in queue patient 12
Infecting in queue patient 14
Infecting in queue patient 14
Infecting in queue patient 16
Infecting in queue patient 16
Infecting in queue patient 18
Infecting in queue patient 18
Infecting in queue patient 20
Infecting in queue patient 20
Infecting in queue patient 22
Infecting in queue patient 22
Infecting in queue patient 24
Infecting in queue patient 24
Infecting in queue patient 26
Infecting in queue patient 26
Infecting in queue patient 28
Infecting in queue patient 28
Infecting in queue patient 30
Infecting in queue patient 30
Infecting in queue patient 32
Infecting in queue patient 32
Infecting in queue patient 34
Infecting in queue patient 34
Infecting in queue patient 36
Infecting in queue patient 36
Infecting in queue patient 38
Infecting in queue patient 38
Infecting in queue patient 40
Infecting in queue patient 40
Infecting in queue patient 42
Infecting in queue patient 42
Infecting in queue patient 44
Infecting in queue patient 44
Infecting in queue patient 46
New patient IsInfected False
New patient IsInfected False
New patient IsInfected False
Infecting in queue patient 6
Infecting in queue patient 6
Infecting in queue patient 8
Infecting in queue patient 8
Infecting in queue patient 10
Infecting in queue patient 10
Infecting in queue patient 12
Infecting in queue patient 12
Infecting in queue patient 14
Infecting in queue patient 14
Infecting in queue patient 16
Infecting in queue patient 16
Infecting in queue patient 18
Infecting in queue patient 18
Infecting in queue patient 20
Infecting in queue patient 20
Infecting in queue patient 22
Infecting in queue patient 22
Infecting in queue patient 24
Infecting in queue patient 24
Infecting in queue patient 26
Infecting in queue patient 26
Infecting in queue patient 28
Infecting in queue patient 28
Infecting in queue patient 30
Infecting in queue patient 30
Infecting in queue patient 32
Infecting in queue patient 32
Infecting in queue patient 34
Infecting in queue patient 34
Infecting in queue patient 36
Infecting in queue patient 36
Infecting in queue patient 38
Infecting in queue patient 38
Infecting in queue patient 40
Infecting in queue patient 40
Infecting in queue patient 42
Infecting in queue patient 42
Infecting in queue patient 44
Infecting in queue patient 44
Infecting in queue patient 46
New patient IsInfected False
New patient IsInfected False
Infecting in queue patient 6
Infecting in queue patient 6
Infecting in queue patient 8
Infecting in queue patient 8
Infecting in queue patient 10
Infecting in queue patient 10
Infecting in queue patient 12
Infecting in queue patient 12
Infecting in queue patient 14
Infecting in queue patient 14
Infecting in queue patient 16
Infecting in queue patient 16
Infecting in queue patient 18
Infecting in queue patient 18
Infecting in queue patient 20
Infecting in queue patient 20
Infecting in queue patient 22
Infecting in queue patient 22
Infecting in queue patient 24
Infecting in queue patient 24
Infecting in queue patient 26
Infecting in queue patient 26
Infecting in queue patient 28
Infecting in queue patient 28
Infecting in queue patient 30
Infecting in queue patient 30
Infecting in queue patient 32
Infecting in queue patient 32
Infecting in queue patient 34
Infecting in queue patient 34
Infecting in queue patient 36
Infecting in queue patient 36
Infecting in queue patient 38
Infecting in queue patient 38
Infecting in queue patient 40
Infecting in queue patient 40
Infecting in queue patient 42
Infecting in queue patient 42
Infecting in queue patient 44
Infecting in queue patient 44
Infecting in queue patient 46
New patient IsInfected False
Infecting in queue patient 6
Infecting in queue patient 6
Infecting in queue patient 8
Infecting in queue patient 8
Infecting in queue patient 10
Infecting in queue patient 10
Infecting in queue patient 12
Infecting in queue patient 12
Infecting in queue patient 14
Infecting in queue patient 14
Infecting in queue patient 16
Infecting in queue patient 16
Infecting in queue patient 18
Infecting in queue patient 18
Infecting in queue patient 20
Infecting in queue patient 20
Infecting in queue patient 22
Infecting in queue patient 22
Infecting in queue patient 24
Infecting in queue patient 24
Infecting in queue patient 26
Infecting in queue patient 26
Infecting in queue patient 28
Infecting in queue patient 28
Infecting in queue patient 30
Infecting in queue patient 30
Infecting in queue patient 32
Infecting in queue patient 32
Infecting in queue patient 34
Infecting in queue patient 34
Infecting in queue patient 36
Infecting in queue patient 36
Infecting in queue patient 38
Infecting in queue patient 38
Infecting in queue patient 40
Infecting in queue patient 40
Infecting in queue patient 42
Infecting in queue patient 42
Infecting in queue patient 44
Infecting in queue patient 44
Infecting in queue patient 46
New patient IsInfected False
New patient IsInfected False
Infecting in queue patient 6
Infecting in queue patient 6
Infecting in queue patient 8
Infecting in queue patient 8
Infecting in queue patient 10
Infecting in queue patient 10
Infecting in queue patient 12
Infecting in queue patient 12
Infecting in queue patient 14
Infecting in queue patient 14
Infecting in queue patient 16
Infecting in queue patient 16
Infecting in queue patient 18
Infecting in queue patient 18
Infecting in queue patient 20
Infecting in queue patient 20
Infecting in queue patient 22
Infecting in queue patient 22
Infecting in queue patient 24
Infecting in queue patient 24
Infecting in queue patient 26
Infecting in queue patient 26
Infecting in queue patient 28
Infecting in queue patient 28
Infecting in queue patient 30
Infecting in queue patient 30
Infecting in queue patient 32
Infecting in queue patient 32
Infecting in queue patient 34
Infecting in queue patient 34
Infecting in queue patient 36
Infecting in queue patient 36
Infecting in queue patient 38
Infecting in queue patient 38
Infecting in queue patient 40
Infecting in queue patient 40
Infecting in queue patient 42
Infecting in queue patient 42
Infecting in queue patient 44
Infecting in queue patient 44
Infecting in queue patient 46
New patient IsInfected False
New patient IsInfected False
New patient IsInfected False
Infecting in queue patient 6
Infecting in queue patient 6
Infecting in queue patient 8
Infecting in queue patient 8
Infecting in queue patient 10
Infecting in queue patient 10
Infecting in queue patient 12
Infecting in queue patient 12
Infecting in queue patient 14
Infecting in queue patient 14
Infecting in queue patient 16
Infecting in queue patient 16
Infecting in queue patient 18
Infecting in queue patient 18
Infecting in queue patient 20
Infecting in queue patient 20
Infecting in queue patient 22
Infecting in queue patient 22
Infecting in queue patient 24
Infecting in queue patient 24
Infecting in queue patient 26
Infecting in queue patient 26
Infecting in queue patient 28
Infecting in queue patient 28
Infecting in queue patient 30
Infecting in queue patient 30
Infecting in queue patient 32
Infecting in queue patient 32
Infecting in queue patient 34
Infecting in queue patient 34
Infecting in queue patient 36
Infecting in queue patient 36
Infecting in queue patient 38
Infecting in queue patient 38
Infecting in queue patient 40
Infecting in queue patient 40
Infecting in queue patient 42
Infecting in queue patient 42
Infecting in queue patient 44
Infecting in queue patient 44
Infecting in queue patient 46
New patient IsInfected False
Infecting in queue patient 6
Infecting in queue patient 6
Infecting in queue patient 8
Infecting in queue patient 8
Infecting in queue patient 10
Infecting in queue patient 10
Infecting in queue patient 12
Infecting in queue patient 12
Infecting in queue patient 14
Infecting in queue patient 14
Infecting in queue patient 16
Infecting in queue patient 16
Infecting in queue patient 18
Infecting in queue patient 18
Infecting in queue patient 20
Infecting in queue patient 20
Infecting in queue patient 22
Infecting in queue patient 22
Infecting in queue patient 24
Infecting in queue patient 24
Infecting in queue patient 26
Infecting in queue patient 26
Infecting in queue patient 28
Infecting in queue patient 28
Infecting in queue patient 30
Infecting in queue patient 30
Infecting in queue patient 32
Infecting in queue patient 32
Infecting in queue patient 34
Infecting in queue patient 34
Infecting in queue patient 36
Infecting in queue patient 36
Infecting in queue patient 38
Infecting in queue patient 38
Infecting in queue patient 40
Infecting in queue patient 40
Infecting in queue patient 42
Infecting in queue patient 42
Infecting in queue patient 44
Infecting in queue patient 44
Infecting in queue patient 46
New patient IsInfected False
New patient IsInfected False
New patient IsInfected False
Infecting in queue patient 6
Infecting in queue patient 6
Infecting in queue patient 8
Infecting in queue patient 8
Infecting in queue patient 10
Infecting in queue patient 10
Infecting in queue patient 12
Infecting in queue patient 12
Infecting in queue patient 14
Infecting in queue patient 14
Infecting in queue patient 16
Infecting in queue patient 16
Infecting in queue patient 18
Infecting in queue patient 18
Infecting in queue patient 20
Infecting in queue patient 20
Infecting in queue patient 22
Infecting in queue patient 22
Infecting in queue patient 24
Infecting in queue patient 24
Infecting in queue patient 26
Infecting in queue patient 26
Infecting in queue patient 28
Infecting in queue patient 28
Infecting in queue patient 30
Infecting in queue patient 30
Infecting in queue patient 32
Infecting in queue patient 32
Infecting in queue patient 34
Infecting in queue patient 34
Infecting in queue patient 36
Infecting in queue patient 36
Infecting in queue patient 38
Infecting in queue patient 38
Infecting in queue patient 40
Infecting in queue patient 40
Infecting in queue patient 42
Infecting in queue patient 42
Infecting in queue patient 44
Infecting in queue patient 44
Infecting in queue patient 46
New patient IsInfected False
New patient IsInfected False
New patient IsInfected False
New patient IsInfected False
Infecting in queue patient 6
Infecting in queue patient 6
Infecting in queue patient 8
Infecting in queue patient 8
Infecting in queue patient 10
Infecting in queue patient 10
Infecting in queue patient 12
Infecting in queue patient 12
Infecting in queue patient 14
Infecting in queue patient 14
Infecting in queue patient 16
Infecting in queue patient 16
Infecting in queue patient 18
Infecting in queue patient 18
Infecting in queue patient 20
Infecting in queue patient 20
Infecting in queue patient 22
Infecting in queue patient 22
Infecting in queue patient 24
Infecting in queue patient 24
Infecting in queue patient 26
Infecting in queue patient 26
Infecting in queue patient 28
Infecting in queue patient 28
Infecting in queue patient 30
Infecting in queue patient 30
Infecting in queue patient 32
Infecting in queue patient 32
Infecting in queue patient 34
Infecting in queue patient 34
Infecting in queue patient 36
Infecting in queue patient 36
Infecting in queue patient 38
Infecting in queue patient 38
Infecting in queue patient 40
Infecting in queue patient 40
Infecting in queue patient 42
Infecting in queue patient 42
Infecting in queue patient 44
Infecting in queue patient 44
Infecting in queue patient 46
New patient IsInfected False
New patient IsInfected False
New patient IsInfected False
New patient IsInfected False
Infecting in queue patient 6
Infecting in queue patient 6
Infecting in queue patient 8
Infecting in queue patient 8
Infecting in queue patient 10
Infecting in queue patient 10
Infecting in queue patient 12
Infecting in queue patient 12
Infecting in queue patient 14
Infecting in queue patient 14
Infecting in queue patient 16
Infecting in queue patient 16
Infecting in queue patient 18
Infecting in queue patient 18
Infecting in queue patient 20
Infecting in queue patient 20
Infecting in queue patient 22
Infecting in queue patient 22
Infecting in queue patient 24
Infecting in queue patient 24
Infecting in queue patient 26
Infecting in queue patient 26
Infecting in queue patient 28
Infecting in queue patient 28
Infecting in queue patient 30
Infecting in queue patient 30
Infecting in queue patient 32
Infecting in queue patient 32
Infecting in queue patient 34
Infecting in queue patient 34
Infecting in queue patient 36
Infecting in queue patient 36
Infecting in queue patient 38
Infecting in queue patient 38
Infecting in queue patient 40
Infecting in queue patient 40
Infecting in queue patient 42
Infecting in queue patient 42
Infecting in queue patient 44
Infecting in queue patient 44
Infecting in queue patient 46
New patient IsInfected False
New patient IsInfected False
